<?xml version="1.0" encoding="UTF-8"?>
<testng-results skipped="0" failed="0" ignored="0" total="1" passed="1">
  <reporter-output>
  </reporter-output>
  <suite name="Default suite" duration-ms="32952" started-at="2021-07-28T23:11:46 IST" finished-at="2021-07-28T23:12:19 IST">
    <groups>
    </groups>
    <test name="Default test" duration-ms="32952" started-at="2021-07-28T23:11:46 IST" finished-at="2021-07-28T23:12:19 IST">
      <class name="com.anupam.testPackage.TestCaseClass">
        <test-method status="PASS" signature="beforeSuite()[pri:0, instance:com.anupam.testPackage.TestCaseClass@6c49835d]" name="beforeSuite" is-config="true" duration-ms="20" started-at="2021-07-28T23:11:46 IST" finished-at="2021-07-28T23:11:46 IST">
          <reporter-output>
          </reporter-output>
        </test-method> <!-- beforeSuite -->
        <test-method status="PASS" signature="beforeClass()[pri:0, instance:com.anupam.testPackage.TestCaseClass@6c49835d]" name="beforeClass" is-config="true" duration-ms="0" started-at="2021-07-28T23:11:46 IST" finished-at="2021-07-28T23:11:46 IST">
          <reporter-output>
          </reporter-output>
        </test-method> <!-- beforeClass -->
        <test-method status="PASS" signature="beforeMethodClass()[pri:0, instance:com.anupam.testPackage.TestCaseClass@6c49835d]" name="beforeMethodClass" is-config="true" duration-ms="2614" started-at="2021-07-28T23:11:46 IST" finished-at="2021-07-28T23:11:49 IST">
          <reporter-output>
          </reporter-output>
        </test-method> <!-- beforeMethodClass -->
        <test-method status="PASS" signature="lamda()[pri:0, instance:com.anupam.testPackage.TestCaseClass@6c49835d]" name="lamda" duration-ms="29026" started-at="2021-07-28T23:11:49 IST" finished-at="2021-07-28T23:12:18 IST">
          <reporter-output>
          </reporter-output>
        </test-method> <!-- lamda -->
        <test-method status="PASS" signature="close()[pri:0, instance:com.anupam.testPackage.TestCaseClass@6c49835d]" name="close" is-config="true" duration-ms="1251" started-at="2021-07-28T23:12:18 IST" finished-at="2021-07-28T23:12:19 IST">
          <reporter-output>
          </reporter-output>
        </test-method> <!-- close -->
        <test-method status="PASS" signature="afterClass()[pri:0, instance:com.anupam.testPackage.TestCaseClass@6c49835d]" name="afterClass" is-config="true" duration-ms="1" started-at="2021-07-28T23:12:19 IST" finished-at="2021-07-28T23:12:19 IST">
          <reporter-output>
          </reporter-output>
        </test-method> <!-- afterClass -->
        <test-method status="PASS" signature="afterSuite()[pri:0, instance:com.anupam.testPackage.TestCaseClass@6c49835d]" name="afterSuite" is-config="true" duration-ms="1" started-at="2021-07-28T23:12:19 IST" finished-at="2021-07-28T23:12:19 IST">
          <reporter-output>
          </reporter-output>
        </test-method> <!-- afterSuite -->
      </class> <!-- com.anupam.testPackage.TestCaseClass -->
    </test> <!-- Default test -->
  </suite> <!-- Default suite -->
</testng-results>
